[0m17:32:54.228309 [debug] [MainThread]: Sending event: {'category': 'dbt', 'action': 'invocation', 'label': 'start', 'context': [<snowplow_tracker.self_describing_json.SelfDescribingJson object at 0x7f9ea261e660>, <snowplow_tracker.self_describing_json.SelfDescribingJson object at 0x7f9ea262d2e0>, <snowplow_tracker.self_describing_json.SelfDescribingJson object at 0x7f9ea29be1b0>]}


============================== 17:32:54.285844 | a314f609-7bce-4830-b4f1-30f8a780afeb ==============================
[0m17:32:54.285844 [info ] [MainThread]: Running with dbt=1.11.8
[0m17:32:54.287230 [debug] [MainThread]: running dbt with arguments {'indirect_selection': 'eager', 'partial_parse': 'True', 'write_json': 'True', 'no_print': 'None', 'cache_selected_only': 'False', 'fail_fast': 'False', 'warn_error_options': 'WarnErrorOptionsV2(error=[], warn=[], silence=[])', 'introspect': 'True', 'log_cache_events': 'False', 'static_parser': 'True', 'warn_error': 'None', 'log_path': 'logs', 'printer_width': '80', 'quiet': 'False', 'profiles_dir': '/home/edvardf/.dbt', 'empty': 'None', 'log_format': 'default', 'debug': 'False', 'use_experimental_parser': 'False', 'send_anonymous_usage_stats': 'True', 'target_path': 'None', 'version_check': 'True', 'invocation_command': 'dbt init casual_game_dbt', 'use_colors': 'True'}
[0m17:32:54.376355 [debug] [MainThread]: Starter project path: /home/edvardf/projects/game_generator/.venv/lib64/python3.12/site-packages/dbt/include/starter_project
[0m17:32:54.379170 [info ] [MainThread]: 
Your new dbt project "casual_game_dbt" was created!

For more information on how to configure the profiles.yml file,
please consult the dbt documentation here:

  https://docs.getdbt.com/docs/configure-your-profile

One more thing:

Need help? Don't hesitate to reach out to us via GitHub issues or on Slack:

  https://community.getdbt.com/

Happy modeling!

[0m17:32:54.379785 [info ] [MainThread]: Setting up your profile.
[0m17:34:26.545666 [info ] [MainThread]: Profile casual_game_dbt written to /home/edvardf/.dbt/profiles.yml using target's profile_template.yml and your supplied values. Run 'dbt debug' to validate the connection.
[0m17:34:26.547456 [debug] [MainThread]: Resource report: {"command_name": "init", "command_success": true, "command_wall_clock_time": 92.324425, "process_in_blocks": "201248", "process_kernel_time": 0.804735, "process_mem_max_rss": "223420", "process_out_blocks": "81392", "process_user_time": 8.422322}
[0m17:34:26.549074 [debug] [MainThread]: Command `dbt init` succeeded at 17:34:26.548783 after 92.33 seconds
[0m17:34:26.550082 [debug] [MainThread]: Sending event: {'category': 'dbt', 'action': 'invocation', 'label': 'end', 'context': [<snowplow_tracker.self_describing_json.SelfDescribingJson object at 0x7f9e76329dc0>, <snowplow_tracker.self_describing_json.SelfDescribingJson object at 0x7f9e760bd250>, <snowplow_tracker.self_describing_json.SelfDescribingJson object at 0x7f9ea24a3830>]}
[0m17:34:26.551330 [debug] [MainThread]: Flushing usage events
[0m17:34:27.443256 [debug] [MainThread]: An error was encountered while trying to flush usage events
[0m17:35:58.578788 [debug] [MainThread]: Sending event: {'category': 'dbt', 'action': 'invocation', 'label': 'start', 'context': [<snowplow_tracker.self_describing_json.SelfDescribingJson object at 0x7ff0e53f2420>, <snowplow_tracker.self_describing_json.SelfDescribingJson object at 0x7ff0e2eb22d0>, <snowplow_tracker.self_describing_json.SelfDescribingJson object at 0x7ff0e2eb3e30>]}


============================== 17:35:58.585450 | 2e847127-ae95-47c5-a1c6-7cd888e83ae3 ==============================
[0m17:35:58.585450 [info ] [MainThread]: Running with dbt=1.11.8
[0m17:35:58.586521 [debug] [MainThread]: running dbt with arguments {'debug': 'False', 'warn_error': 'None', 'write_json': 'True', 'log_format': 'default', 'cache_selected_only': 'False', 'empty': 'None', 'target_path': 'None', 'log_path': 'logs', 'warn_error_options': 'WarnErrorOptionsV2(error=[], warn=[], silence=[])', 'use_colors': 'True', 'send_anonymous_usage_stats': 'True', 'version_check': 'True', 'indirect_selection': 'eager', 'quiet': 'False', 'use_experimental_parser': 'False', 'printer_width': '80', 'partial_parse': 'True', 'fail_fast': 'False', 'static_parser': 'True', 'profiles_dir': '/home/edvardf/.dbt', 'introspect': 'True', 'invocation_command': 'dbt debug', 'no_print': 'None', 'log_cache_events': 'False'}
[0m17:35:58.622641 [info ] [MainThread]: dbt version: 1.11.8
[0m17:35:58.623471 [info ] [MainThread]: python version: 3.12.13
[0m17:35:58.624013 [info ] [MainThread]: python path: /home/edvardf/projects/game_generator/.venv/bin/python3
[0m17:35:58.624565 [info ] [MainThread]: os info: Linux-6.19.10-200.fc43.x86_64-x86_64-with-glibc2.42
[0m17:35:59.476343 [info ] [MainThread]: Using profiles dir at /home/edvardf/.dbt
[0m17:35:59.477028 [info ] [MainThread]: Using profiles.yml file at /home/edvardf/.dbt/profiles.yml
[0m17:35:59.477458 [info ] [MainThread]: Using dbt_project.yml file at /home/edvardf/projects/game_generator/dbt_project.yml
[0m17:35:59.477820 [info ] [MainThread]: adapter type: bigquery
[0m17:35:59.478152 [info ] [MainThread]: adapter version: 1.11.1
[0m17:35:59.478519 [info ] [MainThread]: Configuration:
[0m17:35:59.478831 [info ] [MainThread]:   profiles.yml file [[32mOK found and valid[0m]
[0m17:35:59.479133 [info ] [MainThread]:   dbt_project.yml file [[31mERROR not found[0m]
[0m17:35:59.479474 [info ] [MainThread]: Required dependencies:
[0m17:35:59.479837 [debug] [MainThread]: Executing "git --help"
[0m17:35:59.492865 [debug] [MainThread]: STDOUT: "b'\xd0\xb8\xd1\x81\xd0\xbf\xd0\xbe\xd0\xbb\xd1\x8c\xd0\xb7\xd0\xbe\xd0\xb2\xd0\xb0\xd0\xbd\xd0\xb8\xd0\xb5: git [-v | --version] [-h | --help] [-C <path>] [-c <name>=<value>]\n           [--exec-path[=<path>]] [--html-path] [--man-path] [--info-path]\n           [-p | --paginate | -P | --no-pager] [--no-replace-objects] [--no-lazy-fetch]\n           [--no-optional-locks] [--no-advice] [--bare] [--git-dir=<path>]\n           [--work-tree=<path>] [--namespace=<name>] [--config-env=<name>=<envvar>]\n           <command> [<args>]\n\n\xd0\xa1\xd1\x82\xd0\xb0\xd0\xbd\xd0\xb4\xd0\xb0\xd1\x80\xd1\x82\xd0\xbd\xd1\x8b\xd0\xb5 \xd0\xba\xd0\xbe\xd0\xbc\xd0\xb0\xd0\xbd\xd0\xb4\xd1\x8b Git \xd0\xb8\xd1\x81\xd0\xbf\xd0\xbe\xd0\xbb\xd1\x8c\xd0\xb7\xd1\x83\xd0\xb5\xd0\xbc\xd1\x8b\xd0\xb5 \xd0\xb2 \xd1\x80\xd0\xb0\xd0\xb7\xd0\xbb\xd0\xb8\xd1\x87\xd0\xbd\xd1\x8b\xd1\x85 \xd1\x81\xd0\xb8\xd1\x82\xd1\x83\xd0\xb0\xd1\x86\xd0\xb8\xd1\x8f\xd1\x85:\n\n\xd1\x81\xd0\xbe\xd0\xb7\xd0\xb4\xd0\xb0\xd0\xbd\xd0\xb8\xd0\xb5 \xd1\x80\xd0\xb0\xd0\xb1\xd0\xbe\xd1\x87\xd0\xb5\xd0\xb9 \xd0\xbe\xd0\xb1\xd0\xbb\xd0\xb0\xd1\x81\xd1\x82\xd0\xb8 (\xd1\x81\xd0\xbc\xd0\xbe\xd1\x82\xd1\x80\xd0\xb8\xd1\x82\xd0\xb5 \xd1\x82\xd0\xb0\xd0\xba\xd0\xb6\xd0\xb5: git help tutorial)\n   clone      \xd0\x9a\xd0\xbb\xd0\xbe\xd0\xbd\xd0\xb8\xd1\x80\xd0\xbe\xd0\xb2\xd0\xb0\xd0\xbd\xd0\xb8\xd0\xb5 \xd1\x80\xd0\xb5\xd0\xbf\xd0\xbe\xd0\xb7\xd0\xb8\xd1\x82\xd0\xbe\xd1\x80\xd0\xb8\xd1\x8f \xd0\xb2 \xd0\xbd\xd0\xbe\xd0\xb2\xd1\x8b\xd0\xb9 \xd0\xba\xd0\xb0\xd1\x82\xd0\xb0\xd0\xbb\xd0\xbe\xd0\xb3\n   init       \xd0\xa1\xd0\xbe\xd0\xb7\xd0\xb4\xd0\xb0\xd0\xbd\xd0\xb8\xd0\xb5 \xd0\xbf\xd1\x83\xd1\x81\xd1\x82\xd0\xbe\xd0\xb3\xd0\xbe \xd1\x80\xd0\xb5\xd0\xbf\xd0\xbe\xd0\xb7\xd0\xb8\xd1\x82\xd0\xbe\xd1\x80\xd0\xb8\xd1\x8f Git \xd0\xb8\xd0\xbb\xd0\xb8 \xd0\xbf\xd0\xb5\xd1\x80\xd0\xb5\xd0\xb8\xd0\xbd\xd0\xb8\xd1\x86\xd0\xb8\xd0\xb0\xd0\xbb\xd0\xb8\xd0\xb7\xd0\xb0\xd1\x86\xd0\xb8\xd1\x8f \xd1\x81\xd1\x83\xd1\x89\xd0\xb5\xd1\x81\xd1\x82\xd0\xb2\xd1\x83\xd1\x8e\xd1\x89\xd0\xb5\xd0\xb3\xd0\xbe\n\n\xd1\x80\xd0\xb0\xd0\xb1\xd0\xbe\xd1\x82\xd0\xb0 \xd1\x81 \xd1\x82\xd0\xb5\xd0\xba\xd1\x83\xd1\x89\xd0\xb8\xd0\xbc\xd0\xb8 \xd0\xb8\xd0\xb7\xd0\xbc\xd0\xb5\xd0\xbd\xd0\xb5\xd0\xbd\xd0\xb8\xd1\x8f\xd0\xbc\xd0\xb8 (\xd1\x81\xd0\xbc\xd0\xbe\xd1\x82\xd1\x80\xd0\xb8\xd1\x82\xd0\xb5 \xd1\x82\xd0\xb0\xd0\xba\xd0\xb6\xd0\xb5: git help everyday)\n   add        \xd0\x94\xd0\xbe\xd0\xb1\xd0\xb0\xd0\xb2\xd0\xbb\xd0\xb5\xd0\xbd\xd0\xb8\xd0\xb5 \xd1\x81\xd0\xbe\xd0\xb4\xd0\xb5\xd1\x80\xd0\xb6\xd0\xb8\xd0\xbc\xd0\xbe\xd0\xb3\xd0\xbe \xd1\x84\xd0\xb0\xd0\xb9\xd0\xbb\xd0\xb0 \xd0\xb2 \xd0\xb8\xd0\xbd\xd0\xb4\xd0\xb5\xd0\xba\xd1\x81\n   mv         \xd0\x9f\xd0\xb5\xd1\x80\xd0\xb5\xd0\xbc\xd0\xb5\xd1\x89\xd0\xb5\xd0\xbd\xd0\xb8\xd0\xb5 \xd0\xb8\xd0\xbb\xd0\xb8 \xd0\xbf\xd0\xb5\xd1\x80\xd0\xb5\xd0\xb8\xd0\xbc\xd0\xb5\xd0\xbd\xd0\xbe\xd0\xb2\xd0\xb0\xd0\xbd\xd0\xb8\xd0\xb5 \xd1\x84\xd0\xb0\xd0\xb9\xd0\xbb\xd0\xb0, \xd0\xba\xd0\xb0\xd1\x82\xd0\xb0\xd0\xbb\xd0\xbe\xd0\xb3\xd0\xb0 \xd0\xb8\xd0\xbb\xd0\xb8 \xd1\x81\xd0\xb8\xd0\xbc\xd0\xb2\xd0\xbe\xd0\xbb\xd1\x8c\xd0\xbd\xd0\xbe\xd0\xb9 \xd1\x81\xd1\x81\xd1\x8b\xd0\xbb\xd0\xba\xd0\xb8\n   restore    \xd0\x92\xd0\xbe\xd1\x81\xd1\x81\xd1\x82\xd0\xb0\xd0\xbd\xd0\xbe\xd0\xb2\xd0\xbb\xd0\xb5\xd0\xbd\xd0\xb8\xd0\xb5 \xd1\x84\xd0\xb0\xd0\xb9\xd0\xbb\xd0\xbe\xd0\xb2 \xd0\xb2 \xd1\x80\xd0\xb0\xd0\xb1\xd0\xbe\xd1\x87\xd0\xb5\xd0\xbc \xd0\xba\xd0\xb0\xd1\x82\xd0\xb0\xd0\xbb\xd0\xbe\xd0\xb3\xd0\xb5\n   rm         \xd0\xa3\xd0\xb4\xd0\xb0\xd0\xbb\xd0\xb5\xd0\xbd\xd0\xb8\xd0\xb5 \xd1\x84\xd0\xb0\xd0\xb9\xd0\xbb\xd0\xbe\xd0\xb2 \xd0\xb8\xd0\xb7 \xd1\x80\xd0\xb0\xd0\xb1\xd0\xbe\xd1\x87\xd0\xb5\xd0\xb3\xd0\xbe \xd0\xba\xd0\xb0\xd1\x82\xd0\xb0\xd0\xbb\xd0\xbe\xd0\xb3\xd0\xb0 \xd0\xb8 \xd0\xb8\xd0\xbd\xd0\xb4\xd0\xb5\xd0\xba\xd1\x81\xd0\xb0\n\n\xd0\xbf\xd1\x80\xd0\xbe\xd1\x81\xd0\xbc\xd0\xbe\xd1\x82\xd1\x80 \xd0\xb8\xd1\x81\xd1\x82\xd0\xbe\xd1\x80\xd0\xb8\xd0\xb8 \xd0\xb8 \xd1\x82\xd0\xb5\xd0\xba\xd1\x83\xd1\x89\xd0\xb5\xd0\xb3\xd0\xbe \xd1\x81\xd0\xbe\xd1\x81\xd1\x82\xd0\xbe\xd1\x8f\xd0\xbd\xd0\xb8\xd1\x8f (\xd1\x81\xd0\xbc\xd0\xbe\xd1\x82\xd1\x80\xd0\xb8\xd1\x82\xd0\xb5 \xd1\x82\xd0\xb0\xd0\xba\xd0\xb6\xd0\xb5: git help revisions)\n   bisect     \xd0\x92\xd1\x8b\xd0\xbf\xd0\xbe\xd0\xbb\xd0\xbd\xd0\xb5\xd0\xbd\xd0\xb8\xd0\xb5 \xd0\xb4\xd0\xb2\xd0\xbe\xd0\xb8\xd1\x87\xd0\xbd\xd0\xbe\xd0\xb3\xd0\xbe \xd0\xbf\xd0\xbe\xd0\xb8\xd1\x81\xd0\xba\xd0\xb0 \xd0\xba\xd0\xbe\xd0\xbc\xd0\xbc\xd0\xb8\xd1\x82\xd0\xb0, \xd0\xba\xd0\xbe\xd1\x82\xd0\xbe\xd1\x80\xd1\x8b\xd0\xb9 \xd0\xb2\xd0\xbd\xd0\xbe\xd1\x81\xd0\xb8\xd1\x82 \xd0\xbe\xd1\x88\xd0\xb8\xd0\xb1\xd0\xba\xd1\x83\n   diff       \xd0\x92\xd1\x8b\xd0\xb2\xd0\xbe\xd0\xb4 \xd1\x80\xd0\xb0\xd0\xb7\xd0\xbd\xd0\xb8\xd1\x86\xd1\x8b \xd0\xbc\xd0\xb5\xd0\xb6\xd0\xb4\xd1\x83 \xd0\xba\xd0\xbe\xd0\xbc\xd0\xbc\xd0\xb8\xd1\x82\xd0\xb0\xd0\xbc\xd0\xb8, \xd0\xba\xd0\xbe\xd0\xbc\xd0\xbc\xd0\xb8\xd1\x82\xd0\xbe\xd0\xbc \xd0\xb8 \xd1\x80\xd0\xb0\xd0\xb1\xd0\xbe\xd1\x87\xd0\xb8\xd0\xbc \xd0\xba\xd0\xb0\xd1\x82\xd0\xb0\xd0\xbb\xd0\xbe\xd0\xb3\xd0\xbe\xd0\xbc \xd0\xb8 \xd1\x82.\xd0\xb4.\n   grep       \xd0\x92\xd1\x8b\xd0\xb2\xd0\xbe\xd0\xb4 \xd1\x81\xd1\x82\xd1\x80\xd0\xbe\xd0\xba, \xd1\x81\xd0\xbe\xd0\xbe\xd1\x82\xd0\xb2\xd0\xb5\xd1\x82\xd1\x81\xd1\x82\xd0\xb2\xd1\x83\xd1\x8e\xd1\x89\xd0\xb8\xd1\x85 \xd1\x88\xd0\xb0\xd0\xb1\xd0\xbb\xd0\xbe\xd0\xbd\xd1\x83\n   log        \xd0\x92\xd1\x8b\xd0\xb2\xd0\xbe\xd0\xb4 \xd0\xb8\xd1\x81\xd1\x82\xd0\xbe\xd1\x80\xd0\xb8\xd0\xb8 \xd0\xba\xd0\xbe\xd0\xbc\xd0\xbc\xd0\xb8\xd1\x82\xd0\xbe\xd0\xb2\n   show       \xd0\x92\xd1\x8b\xd0\xb2\xd0\xbe\xd0\xb4 \xd1\x80\xd0\xb0\xd0\xb7\xd0\xbb\xd0\xb8\xd1\x87\xd0\xbd\xd1\x8b\xd1\x85 \xd1\x82\xd0\xb8\xd0\xbf\xd0\xbe\xd0\xb2 \xd0\xbe\xd0\xb1\xd1\x8a\xd0\xb5\xd0\xba\xd1\x82\xd0\xbe\xd0\xb2\n   status     \xd0\x92\xd1\x8b\xd0\xb2\xd0\xbe\xd0\xb4 \xd1\x81\xd0\xbe\xd1\x81\xd1\x82\xd0\xbe\xd1\x8f\xd0\xbd\xd0\xb8\xd1\x8f \xd1\x80\xd0\xb0\xd0\xb1\xd0\xbe\xd1\x87\xd0\xb5\xd0\xb3\xd0\xbe \xd0\xba\xd0\xb0\xd1\x82\xd0\xb0\xd0\xbb\xd0\xbe\xd0\xb3\xd0\xb0\n\n\xd0\xb2\xd1\x8b\xd1\x80\xd0\xb0\xd1\x89\xd0\xb8\xd0\xb2\xd0\xb0\xd0\xbd\xd0\xb8\xd0\xb5, \xd0\xbc\xd0\xb0\xd1\x80\xd0\xba\xd0\xb8\xd1\x80\xd0\xbe\xd0\xb2\xd0\xba\xd0\xb0 \xd0\xb8 \xd0\xbf\xd1\x80\xd0\xb0\xd0\xb2\xd0\xba\xd0\xb0 \xd0\xb2\xd0\xb0\xd1\x88\xd0\xb5\xd0\xb9 \xd0\xbe\xd0\xb1\xd1\x89\xd0\xb5\xd0\xb9 \xd0\xb8\xd1\x81\xd1\x82\xd0\xbe\xd1\x80\xd0\xb8\xd0\xb8\n   backfill   Download missing objects in a partial clone\n   branch     \xd0\x92\xd1\x8b\xd0\xb2\xd0\xbe\xd0\xb4 \xd1\x81\xd0\xbf\xd0\xb8\xd1\x81\xd0\xba\xd0\xb0, \xd1\x81\xd0\xbe\xd0\xb7\xd0\xb4\xd0\xb0\xd0\xbd\xd0\xb8\xd0\xb5 \xd0\xb8\xd0\xbb\xd0\xb8 \xd1\x83\xd0\xb4\xd0\xb0\xd0\xbb\xd0\xb5\xd0\xbd\xd0\xb8\xd0\xb5 \xd0\xb2\xd0\xb5\xd1\x82\xd0\xbe\xd0\xba\n   commit     \xd0\x97\xd0\xb0\xd0\xbf\xd0\xb8\xd1\x81\xd1\x8c \xd0\xb8\xd0\xb7\xd0\xbc\xd0\xb5\xd0\xbd\xd0\xb5\xd0\xbd\xd0\xb8\xd0\xb9 \xd0\xb2 \xd1\x80\xd0\xb5\xd0\xbf\xd0\xbe\xd0\xb7\xd0\xb8\xd1\x82\xd0\xbe\xd1\x80\xd0\xb8\xd0\xb9\n   merge      \xd0\x9e\xd0\xb1\xd1\x8a\xd0\xb5\xd0\xb4\xd0\xb8\xd0\xbd\xd0\xb5\xd0\xbd\xd0\xb8\xd0\xb5 \xd0\xbe\xd0\xb4\xd0\xbd\xd0\xbe\xd0\xb9 \xd0\xb8\xd0\xbb\xd0\xb8 \xd0\xbd\xd0\xb5\xd1\x81\xd0\xba\xd0\xbe\xd0\xbb\xd1\x8c\xd0\xba\xd0\xb8\xd1\x85 \xd0\xb8\xd1\x81\xd1\x82\xd0\xbe\xd1\x80\xd0\xb8\xd0\xb9 \xd1\x80\xd0\xb0\xd0\xb7\xd1\x80\xd0\xb0\xd0\xb1\xd0\xbe\xd1\x82\xd0\xba\xd0\xb8 \xd0\xb2\xd0\xbc\xd0\xb5\xd1\x81\xd1\x82\xd0\xb5\n   rebase     \xd0\x9f\xd0\xbe\xd0\xb2\xd1\x82\xd0\xbe\xd1\x80\xd0\xbd\xd0\xbe\xd0\xb5 \xd0\xbf\xd1\x80\xd0\xb8\xd0\xbc\xd0\xb5\xd0\xbd\xd0\xb5\xd0\xbd\xd0\xb8\xd0\xb5 \xd0\xba\xd0\xbe\xd0\xbc\xd0\xbc\xd0\xb8\xd1\x82\xd0\xbe\xd0\xb2 \xd0\xbd\xd0\xb0\xd0\xb4 \xd0\xb2\xd0\xb5\xd1\x80\xd1\x85\xd1\x83\xd1\x88\xd0\xba\xd0\xbe\xd0\xb9 \xd0\xb4\xd1\x80\xd1\x83\xd0\xb3\xd0\xbe\xd0\xb9 \xd0\xb2\xd0\xb5\xd1\x82\xd0\xba\xd0\xb8\n   reset      Set `HEAD` or the index to a known state\n   switch     \xd0\x9f\xd0\xb5\xd1\x80\xd0\xb5\xd0\xba\xd0\xbb\xd1\x8e\xd1\x87\xd0\xb5\xd0\xbd\xd0\xb8\xd0\xb5 \xd0\xb2\xd0\xb5\xd1\x82\xd0\xbe\xd0\xba\n   tag        Create, list, delete or verify tags\n\n\xd1\x81\xd0\xbe\xd0\xb2\xd0\xbc\xd0\xb5\xd1\x81\xd1\x82\xd0\xbd\xd0\xb0\xd1\x8f \xd1\x80\xd0\xb0\xd0\xb1\xd0\xbe\xd1\x82\xd0\xb0 (\xd1\x81\xd0\xbc\xd0\xbe\xd1\x82\xd1\x80\xd0\xb8\xd1\x82\xd0\xb5 \xd1\x82\xd0\xb0\xd0\xba\xd0\xb6\xd0\xb5: git help workflows)\n   fetch      \xd0\x97\xd0\xb0\xd0\xb3\xd1\x80\xd1\x83\xd0\xb7\xd0\xba\xd0\xb0 \xd0\xbe\xd0\xb1\xd1\x8a\xd0\xb5\xd0\xba\xd1\x82\xd0\xbe\xd0\xb2 \xd0\xb8 \xd1\x81\xd1\x81\xd1\x8b\xd0\xbb\xd0\xbe\xd0\xba \xd0\xb8\xd0\xb7 \xd0\xb4\xd1\x80\xd1\x83\xd0\xb3\xd0\xbe\xd0\xb3\xd0\xbe \xd1\x80\xd0\xb5\xd0\xbf\xd0\xbe\xd0\xb7\xd0\xb8\xd1\x82\xd0\xbe\xd1\x80\xd0\xb8\xd1\x8f\n   pull       \xd0\x98\xd0\xb7\xd0\xb2\xd0\xbb\xd0\xb5\xd1\x87\xd0\xb5\xd0\xbd\xd0\xb8\xd0\xb5 \xd0\xb8\xd0\xb7\xd0\xbc\xd0\xb5\xd0\xbd\xd0\xb5\xd0\xbd\xd0\xb8\xd0\xb9 \xd0\xb8 \xd0\xbe\xd0\xb1\xd1\x8a\xd0\xb5\xd0\xb4\xd0\xb8\xd0\xbd\xd0\xb5\xd0\xbd\xd0\xb8\xd0\xb5 \xd1\x81 \xd0\xb4\xd1\x80\xd1\x83\xd0\xb3\xd0\xb8\xd0\xbc \xd1\x80\xd0\xb5\xd0\xbf\xd0\xbe\xd0\xb7\xd0\xb8\xd1\x82\xd0\xbe\xd1\x80\xd0\xb8\xd0\xb5\xd0\xbc \xd0\xb8\xd0\xbb\xd0\xb8 \xd0\xbb\xd0\xbe\xd0\xba\xd0\xb0\xd0\xbb\xd1\x8c\xd0\xbd\xd0\xbe\xd0\xb9 \xd0\xb2\xd0\xb5\xd1\x82\xd0\xba\xd0\xbe\xd0\xb9\n   push       \xd0\x9e\xd0\xb1\xd0\xbd\xd0\xbe\xd0\xb2\xd0\xbb\xd0\xb5\xd0\xbd\xd0\xb8\xd0\xb5 \xd0\xb2\xd0\xbd\xd0\xb5\xd1\x88\xd0\xbd\xd0\xb8\xd1\x85 \xd1\x81\xd1\x81\xd1\x8b\xd0\xbb\xd0\xbe\xd0\xba \xd0\xb8 \xd1\x81\xd0\xb2\xd1\x8f\xd0\xb7\xd0\xb0\xd0\xbd\xd0\xbd\xd1\x8b\xd1\x85 \xd0\xbe\xd0\xb1\xd1\x8a\xd0\xb5\xd0\xba\xd1\x82\xd0\xbe\xd0\xb2\n\n\xc2\xabgit help -a\xc2\xbb \xd0\xb8 \xc2\xabgit help -g\xc2\xbb \xd0\xb2\xd1\x8b\xd0\xb2\xd0\xbe\xd0\xb4\xd0\xb8\xd1\x82 \xd1\x81\xd0\xbf\xd0\xb8\xd1\x81\xd0\xbe\xd0\xba \xd0\xb4\xd0\xbe\xd1\x81\xd1\x82\xd1\x83\xd0\xbf\xd0\xbd\xd1\x8b\xd1\x85 \xd0\xbf\xd0\xbe\xd0\xb4\xd0\xba\xd0\xbe\xd0\xbc\xd0\xb0\xd0\xbd\xd0\xb4\n\xd0\xb8 \xd0\xbd\xd0\xb5\xd0\xb1\xd0\xbe\xd0\xbb\xd1\x8c\xd1\x88\xd1\x83\xd1\x8e \xd1\x81\xd0\xbf\xd1\x80\xd0\xb0\xd0\xb2\xd0\xba\xd1\x83 \xd0\xbf\xd0\xbe \xd0\xbf\xd0\xbe\xd0\xbd\xd1\x8f\xd1\x82\xd0\xb8\xd1\x8f\xd0\xbc. \xd0\xa1\xd0\xbc\xd0\xbe\xd1\x82\xd1\x80\xd0\xb8\xd1\x82\xd0\xb5 \xc2\xabgit help <\xd0\xbf\xd0\xbe\xd0\xbd\xd1\x8f\xd1\x82\xd0\xb8\xd0\xb5>\xc2\xbb\n\xd0\xb8\xd0\xbb\xd0\xb8 \xc2\xabgit help <\xd1\x82\xd0\xb5\xd1\x80\xd0\xbc\xd0\xb8\xd0\xbd>\xc2\xbb \xd1\x87\xd1\x82\xd0\xbe\xd0\xb1\xd1\x8b \xd1\x83\xd0\xb7\xd0\xbd\xd0\xb0\xd1\x82\xd1\x8c \xd0\xb1\xd0\xbe\xd0\xbb\xd1\x8c\xd1\x88\xd0\xb5 \xd0\xbe \xd0\xba\xd0\xbe\xd0\xbd\xd0\xba\xd1\x80\xd0\xb5\xd1\x82\xd0\xbd\xd0\xbe\xd0\xb9 \xd0\xbf\xd0\xbe\xd0\xb4\xd0\xba\xd0\xbe\xd0\xbc\xd0\xb0\xd0\xbd\xd0\xb4\xd0\xb5\n\xd0\xb8\xd0\xbb\xd0\xb8 \xd0\xbf\xd0\xbe\xd0\xbd\xd1\x8f\xd1\x82\xd0\xb8\xd0\xb8.\n\xd0\xa1\xd0\xbc\xd0\xbe\xd1\x82\xd1\x80\xd0\xb8\xd1\x82\xd0\xb5 \xc2\xabgit help git\xc2\xbb \xd0\xb4\xd0\xbb\xd1\x8f \xd0\xbf\xd0\xbe\xd0\xbb\xd1\x83\xd1\x87\xd0\xb5\xd0\xbd\xd0\xb8\xd1\x8f \xd0\xbe\xd0\xb1\xd1\x89\xd0\xb5\xd0\xb3\xd0\xbe \xd0\xbe\xd0\xb1\xd0\xb7\xd0\xbe\xd1\x80\xd0\xb0 \xd1\x81\xd0\xb8\xd1\x81\xd1\x82\xd0\xb5\xd0\xbc\xd1\x8b.\n'"
[0m17:35:59.494616 [debug] [MainThread]: STDERR: "b''"
[0m17:35:59.495106 [info ] [MainThread]:  - git [[32mOK found[0m]

[0m17:35:59.495563 [info ] [MainThread]: Connection:
[0m17:35:59.495980 [info ] [MainThread]:   method: oauth
[0m17:35:59.496355 [info ] [MainThread]:   database: soundchain-2
[0m17:35:59.496744 [info ] [MainThread]:   execution_project: soundchain-2
[0m17:35:59.497088 [info ] [MainThread]:   schema: game_analytics
[0m17:35:59.497420 [info ] [MainThread]:   location: EU
[0m17:35:59.497786 [info ] [MainThread]:   priority: interactive
[0m17:35:59.498182 [info ] [MainThread]:   maximum_bytes_billed: None
[0m17:35:59.498541 [info ] [MainThread]:   impersonate_service_account: None
[0m17:35:59.498899 [info ] [MainThread]:   job_retry_deadline_seconds: None
[0m17:35:59.499235 [info ] [MainThread]:   job_retries: 1
[0m17:35:59.499546 [info ] [MainThread]:   job_creation_timeout_seconds: None
[0m17:35:59.499885 [info ] [MainThread]:   job_execution_timeout_seconds: 120
[0m17:35:59.500214 [info ] [MainThread]:   timeout_seconds: 120
[0m17:35:59.500539 [info ] [MainThread]:   client_id: None
[0m17:35:59.500901 [info ] [MainThread]:   token_uri: None
[0m17:35:59.501226 [info ] [MainThread]:   compute_region: None
[0m17:35:59.501573 [info ] [MainThread]:   dataproc_cluster_name: None
[0m17:35:59.501890 [info ] [MainThread]:   gcs_bucket: None
[0m17:35:59.502192 [info ] [MainThread]:   dataproc_batch: None
[0m17:35:59.502770 [info ] [MainThread]: Registered adapter: bigquery=1.11.1
[0m17:35:59.629876 [debug] [MainThread]: Acquiring new bigquery connection 'debug'
[0m17:35:59.630524 [debug] [MainThread]: On debug: select 1 as id
[0m17:35:59.630989 [debug] [MainThread]: Opening a new connection, currently in state init
[0m17:36:01.859495 [debug] [MainThread]: BigQuery adapter: https://console.cloud.google.com/bigquery?project=soundchain-2&j=bq:EU:70316e3f-83cc-4039-a0ca-8b3666939d13&page=queryresults
[0m17:36:02.270499 [debug] [MainThread]: SQL status: OK in 0.410 seconds
[0m17:36:02.625109 [info ] [MainThread]:   Connection test: [[32mOK connection ok[0m]

[0m17:36:02.626636 [info ] [MainThread]: [31m1 check failed:[0m
[0m17:36:02.627802 [info ] [MainThread]: Project loading failed for the following reason:
 project path </home/edvardf/projects/game_generator/dbt_project.yml> not found

[0m17:36:02.629626 [debug] [MainThread]: Resource report: {"command_name": "debug", "command_success": false, "command_wall_clock_time": 4.1231875, "process_in_blocks": "616", "process_kernel_time": 0.307303, "process_mem_max_rss": "226008", "process_out_blocks": "400", "process_user_time": 3.838841}
[0m17:36:02.631094 [debug] [MainThread]: Command `dbt debug` failed at 17:36:02.630759 after 4.13 seconds
[0m17:36:02.632329 [debug] [MainThread]: Connection 'debug' was properly closed.
[0m17:36:02.633843 [debug] [MainThread]: Sending event: {'category': 'dbt', 'action': 'invocation', 'label': 'end', 'context': [<snowplow_tracker.self_describing_json.SelfDescribingJson object at 0x7ff0e6db79e0>, <snowplow_tracker.self_describing_json.SelfDescribingJson object at 0x7ff0e4463fb0>, <snowplow_tracker.self_describing_json.SelfDescribingJson object at 0x7ff0e25beab0>]}
[0m17:36:02.635115 [debug] [MainThread]: Flushing usage events
[0m17:36:03.653488 [debug] [MainThread]: An error was encountered while trying to flush usage events
